build/app/intermediates/manifest_merge_blame_file/release/manifest-merger-blame-release-report.txt
1<?xml version="1.0" encoding="utf-8"?>
2<manifest xmlns:android="http://schemas.android.com/apk/res/android"
3    package="com.codemobiles.my_qrcode"
4    android:versionCode="1"
5    android:versionName="1.0.0" >
6
7    <uses-sdk
8        android:minSdkVersion="18"
8-->src/main/AndroidManifest.xml
9        android:targetSdkVersion="29" />
9-->src/main/AndroidManifest.xml
10
11    <!--
12         io.flutter.app.FlutterApplication is an android.app.Application that
13         calls FlutterMain.startInitialization(this); in its onCreate method.
14         In most cases you can leave this as-is, but you if you want to provide
15         additional functionality it is fine to subclass or reimplement
16         FlutterApplication and put your custom class here.
17    -->
18
19    <uses-permission android:name="android.permission.CAMERA" />
19-->src/main/AndroidManifest.xml:10:5-65
19-->src/main/AndroidManifest.xml:10:22-62
20    <uses-permission android:name="android.permission.WRITE_EXTERNAL_STORAGE" />
20-->src/main/AndroidManifest.xml:11:5-80
20-->src/main/AndroidManifest.xml:11:22-78
21    <uses-permission android:name="android.permission.INTERNET" />
21-->src/main/AndroidManifest.xml:12:5-67
21-->src/main/AndroidManifest.xml:12:22-64
22
23    <application
23-->src/main/AndroidManifest.xml:13:5-49:19
24        android:name="io.flutter.app.FlutterApplication"
24-->src/main/AndroidManifest.xml:14:9-57
25        android:appComponentFactory="androidx.core.app.CoreComponentFactory"
25-->[androidx.core:core:1.1.0] AndroidManifest.xml:24:18-86
26        android:label="กิจกรรม"
26-->src/main/AndroidManifest.xml:15:9-32
27        android:roundIcon="@mipmap/ic_launcher_rount" >
27-->src/main/AndroidManifest.xml:16:9-54
28        android:icon="@mipmap/ic_launcher">
29        <activity
29-->src/main/AndroidManifest.xml:18:9-36:20
30            android:name="com.codemobiles.my_qrcode.MainActivity"
30-->src/main/AndroidManifest.xml:19:13-41
31            android:configChanges="orientation|keyboardHidden|keyboard|screenSize|locale|layoutDirection|fontScale|screenLayout|density|uiMode"
31-->src/main/AndroidManifest.xml:22:13-144
32            android:hardwareAccelerated="true"
32-->src/main/AndroidManifest.xml:23:13-47
33            android:launchMode="singleTop"
33-->src/main/AndroidManifest.xml:20:13-43
34            android:theme="@style/LaunchTheme"
34-->src/main/AndroidManifest.xml:21:13-47
35            android:windowSoftInputMode="adjustResize" >
35-->src/main/AndroidManifest.xml:24:13-55
36
37            <!--
38                 This keeps the window background of the activity showing
39                 until Flutter renders its first frame. It can be removed if
40                 there is no splash screen (such as the default splash screen
41                 defined in @style/LaunchTheme).
42            -->
43            <meta-data
43-->src/main/AndroidManifest.xml:29:13-31:40
44                android:name="io.flutter.app.android.SplashScreenUntilFirstFrame"
44-->src/main/AndroidManifest.xml:30:17-82
45                android:value="true" />
45-->src/main/AndroidManifest.xml:31:17-37
46
47            <intent-filter>
47-->src/main/AndroidManifest.xml:32:13-35:29
48                <action android:name="android.intent.action.MAIN" />
48-->src/main/AndroidManifest.xml:33:17-68
48-->src/main/AndroidManifest.xml:33:25-66
49
50                <category android:name="android.intent.category.LAUNCHER" />
50-->src/main/AndroidManifest.xml:34:17-76
50-->src/main/AndroidManifest.xml:34:27-74
51            </intent-filter>
52        </activity>
53
54        <!-- add -->
55        <provider
55-->src/main/AndroidManifest.xml:39:9-47:20
56            android:name="androidx.core.content.FileProvider"
56-->src/main/AndroidManifest.xml:40:13-62
57            android:authorities="cm.qrcode.share"
57-->src/main/AndroidManifest.xml:41:13-50
58            android:exported="false"
58-->src/main/AndroidManifest.xml:42:13-37
59            android:grantUriPermissions="true" >
59-->src/main/AndroidManifest.xml:43:13-47
60            <meta-data
60-->src/main/AndroidManifest.xml:44:13-46:54
61                android:name="android.support.FILE_PROVIDER_PATHS"
61-->src/main/AndroidManifest.xml:45:17-67
62                android:resource="@xml/file_paths" />
62-->src/main/AndroidManifest.xml:46:17-51
63        </provider>
64
65        <activity android:name="de.mintware.barcode_scan.BarcodeScannerActivity" />
65-->[:barcode_scan] AndroidManifest.xml:14:9-84
65-->[:barcode_scan] AndroidManifest.xml:14:19-81
66    </application>
67
68</manifest>